Analysis initiated from SIMULIA established products
Abaqus JOB plastic_beam
Abaqus 3DEXPERIENCE R2018x
Abaqus License Manager checked out the following licenses:
Abaqus/Standard checked out 5 tokens from Flexnet server Soroosh.
<1019 out of 1024 licenses remain available>.
Begin Analysis Input File Processor
12/31/2018 2:16:03 PM
Run pre.exe
12/31/2018 2:16:21 PM
End Analysis Input File Processor
Begin Abaqus/Standard Analysis
12/31/2018 2:16:21 PM
Run standard.exe
12/31/2018 2:16:31 PM
End Abaqus/Standard Analysis
Begin Convert MFS to SFS
12/31/2018 2:16:33 PM
Run SMASimUtility.exe
12/31/2018 2:16:33 PM
End Convert MFS to SFS
Abaqus JOB plastic_beam COMPLETED
